Philosopher 9 is thinking.
Philosopher 12 is thinking.
Philosopher 3 is thinking.
Philosopher 6 is thinking.
Philosopher 0 is thinking.
Philosopher 10 is thinking.
Philosopher 7 is thinking.
Philosopher 11 is thinking.
Philosopher 4 is thinking.
Philosopher 1 is thinking.
Philosopher 2 is thinking.
Philosopher 8 is thinking.
Philosopher 5 is thinking.
Philosopher 11 starts eating.
Philosopher 7 starts eating.
Philosopher 4 starts eating.
Philosopher 2 starts eating.
Philosopher 4 finishes eating.
Philosopher 4 is thinking.
Philosopher 7 finishes eating.
Philosopher 7 is thinking.
Philosopher 6 starts eating.
Philosopher 8 starts eating.
Philosopher 0 starts eating.
Philosopher 11 finishes eating.
Philosopher 11 is thinking.
Philosopher 10 starts eating.
Philosopher 2 finishes eating.
Philosopher 2 is thinking.
Philosopher 3 starts eating.
Philosopher 3 finishes eating.
Philosopher 3 is thinking.
Philosopher 4 starts eating.
Philosopher 4 finishes eating.
Philosopher 4 is thinking.
Philosopher 6 finishes eating.
Philosopher 6 is thinking.
Philosopher 5 starts eating.
Philosopher 5 finishes eating.
Philosopher 5 is thinking.
Philosopher 8 finishes eating.
Philosopher 8 is thinking.
Philosopher 7 starts eating.
Philosopher 10 finishes eating.
Philosopher 10 is thinking.
Philosopher 9 starts eating.
Philosopher 4 starts eating.
Philosopher 0 finishes eating.
Philosopher 0 is thinking.
Philosopher 12 starts eating.
Philosopher 1 starts eating.
Philosopher 4 finishes eating.
Philosopher 4 has finished all meals.
Philosopher 3 starts eating.
Philosopher 12 finishes eating.
Philosopher 12 is thinking.
Philosopher 11 starts eating.
Philosopher 9 finishes eating.
Philosopher 9 is thinking.
Philosopher 3 finishes eating.
Philosopher 3 is thinking.
Philosopher 7 finishes eating.
Philosopher 7 is thinking.
Philosopher 6 starts eating.
Philosopher 8 starts eating.
Philosopher 11 finishes eating.
Philosopher 11 is thinking.
Philosopher 12 starts eating.
Philosopher 10 starts eating.
Philosopher 1 finishes eating.
Philosopher 1 is thinking.
Philosopher 2 starts eating.
Philosopher 10 finishes eating.
Philosopher 10 is thinking.
Philosopher 8 finishes eating.
Philosopher 8 is thinking.
Philosopher 12 finishes eating.
Philosopher 12 is thinking.
Philosopher 0 starts eating.
Philosopher 9 starts eating.
Philosopher 6 finishes eating.
Philosopher 6 is thinking.
Philosopher 5 starts eating.
Philosopher 9 finishes eating.
Philosopher 9 is thinking.
Philosopher 0 finishes eating.
Philosopher 0 is thinking.
Philosopher 7 starts eating.
Philosopher 10 starts eating.
Philosopher 7 finishes eating.
Philosopher 7 has finished all meals.
Philosopher 8 starts eating.
Philosopher 5 finishes eating.
Philosopher 5 is thinking.
Philosopher 8 finishes eating.
Philosopher 8 has finished all meals.
Philosopher 0 starts eating.
Philosopher 6 starts eating.
Philosopher 2 finishes eating.
Philosopher 2 is thinking.
Philosopher 3 starts eating.
Philosopher 6 finishes eating.
Philosopher 6 has finished all meals.
Philosopher 10 finishes eating.
Philosopher 10 has finished all meals.
Philosopher 11 starts eating.
Philosopher 9 starts eating.
Philosopher 5 starts eating.
Philosopher 0 finishes eating.
Philosopher 0 has finished all meals.
Philosopher 1 starts eating.
Philosopher 9 finishes eating.
Philosopher 9 has finished all meals.
Philosopher 3 finishes eating.
Philosopher 3 has finished all meals.
Philosopher 11 finishes eating.
Philosopher 11 has finished all meals.
Philosopher 12 starts eating.
Philosopher 5 finishes eating.
Philosopher 5 has finished all meals.
Philosopher 12 finishes eating.
Philosopher 12 has finished all meals.
Philosopher 1 finishes eating.
Philosopher 1 is thinking.
Philosopher 2 starts eating.
Philosopher 2 finishes eating.
Philosopher 2 has finished all meals.
Philosopher 1 starts eating.
Philosopher 1 finishes eating.
Philosopher 1 has finished all meals.
All philosophers have finished eating.
